message: {'val_accuracy': tensor(0.4514),
          'val_constraints_score': tensor(32.2984, device='cuda:0'),
          'val_demographic_parity_GenderRaceAgeCat': tensor(0.0233),
          'val_f1': tensor(0.2842),
          'val_loss': tensor(9.6040, device='cuda:0'),
          'val_precision': tensor(0.6612),
          'val_recall': tensor(0.4514)}
message: {'early_stopping': 0,
          'model_checkpoint': 1,
          'val_accuracy': tensor(0.6528),
          'val_constraints_score': tensor(15.3443, device='cuda:0'),
          'val_demographic_parity_GenderRaceAgeCat': tensor(0.3497),
          'val_f1': tensor(0.6237),
          'val_loss': tensor(8.1251, device='cuda:0'),
          'val_precision': tensor(0.6753),
          'val_recall': tensor(0.6528)}
message: {'early_stopping': 1,
          'model_checkpoint': 0,
          'val_accuracy': tensor(0.6636),
          'val_constraints_score': tensor(21.5598, device='cuda:0'),
          'val_demographic_parity_GenderRaceAgeCat': tensor(0.4121),
          'val_f1': tensor(0.6463),
          'val_loss': tensor(8.1154, device='cuda:0'),
          'val_precision': tensor(0.6734),
          'val_recall': tensor(0.6636)}
message: {'early_stopping': 2,
          'model_checkpoint': 0,
          'val_accuracy': tensor(0.6420),
          'val_constraints_score': tensor(27.3257, device='cuda:0'),
          'val_demographic_parity_GenderRaceAgeCat': tensor(0.4694),
          'val_f1': tensor(0.6131),
          'val_loss': tensor(8.1278, device='cuda:0'),
          'val_precision': tensor(0.6592),
          'val_recall': tensor(0.6420)}
message: {'early_stopping': 3,
          'model_checkpoint': 0,
          'val_accuracy': tensor(0.6550),
          'val_constraints_score': tensor(33.4246, device='cuda:0'),
          'val_demographic_parity_GenderRaceAgeCat': tensor(0.5306),
          'val_f1': tensor(0.6366),
          'val_loss': tensor(8.1488, device='cuda:0'),
          'val_precision': tensor(0.6637),
          'val_recall': tensor(0.6550)}
message: {'early_stopping': 4,
          'model_checkpoint': 0,
          'val_accuracy': tensor(0.6517),
          'val_constraints_score': tensor(17.0402, device='cuda:0'),
          'val_demographic_parity_GenderRaceAgeCat': tensor(0.3667),
          'val_f1': tensor(0.6265),
          'val_loss': tensor(8.0231, device='cuda:0'),
          'val_precision': tensor(0.6681),
          'val_recall': tensor(0.6517)}
message: {'early_stopping': 5,
          'val_accuracy': tensor(0.6598),
          'val_constraints_score': tensor(16.3962, device='cuda:0'),
          'val_demographic_parity_GenderRaceAgeCat': tensor(0.3603),
          'val_f1': tensor(0.6380),
          'val_loss': tensor(8.0301, device='cuda:0'),
          'val_precision': tensor(0.6746),
          'val_recall': tensor(0.6598)}
message: {'final_val_accuracy': tensor(0.6528),
          'final_val_constraints_score': tensor(15.3443, device='cuda:0'),
          'final_val_demographic_parity_GenderRaceAgeCat': tensor(0.3497),
          'final_val_f1': tensor(0.6237),
          'final_val_loss': tensor(8.1251, device='cuda:0'),
          'final_val_precision': tensor(0.6753),
          'final_val_recall': tensor(0.6528)}
